<?xml version="1.0" encoding="utf-8" standalone="no"?>
<!--This file represents the results of running a test suite-->
<test-results name="C:\Documents and Settings\Scott\Desktop\save me - important\MessageQueue\bin\Debug\ObjectEventQueue.nunit" total="4" failures="0" not-run="0" date="2007-11-07" time="23:43:44">
  <environment nunit-version="2.4.3.0" clr-version="2.0.50727.832" os-version="Microsoft Windows NT 5.1.2600 Service Pack 2" platform="Win32NT" cwd="C:\Documents and Settings\Scott\Desktop\save me - important\MessageQueue\bin\Debug" machine-name="HOME-DMGJNXY0QM" user="Scott" user-domain="HOME-DMGJNXY0QM" />
  <culture-info current-culture="en-US" current-uiculture="en-US" />
  <test-suite name="C:\Documents and Settings\Scott\Desktop\save me - important\MessageQueue\bin\Debug\ObjectEventQueue.nunit" success="True" time="0.063" asserts="0">
    <results>
      <test-suite name="C:\Documents and Settings\Scott\Desktop\save me - important\MessageQueue\bin\Debug\ObjectEventQueue.dll" success="True" time="0.063" asserts="0">
        <results>
          <test-suite name="ObjectEventQueue" success="True" time="0.063" asserts="0">
            <results>
              <test-suite name="UnitTests" success="True" time="0.031" asserts="0">
                <results>
                  <test-case name="ObjectEventQueue.UnitTests.ListenEvent" executed="True" success="True" time="0.016" asserts="0" />
                  <test-case name="ObjectEventQueue.UnitTests.PumpEvents" executed="True" success="True" time="0.000" asserts="0" />
                  <test-case name="ObjectEventQueue.UnitTests.SendEvent" executed="True" success="True" time="0.000" asserts="0" />
                  <test-case name="ObjectEventQueue.UnitTests.TestAll" executed="True" success="True" time="0.016" asserts="4" />
                </results>
              </test-suite>
            </results>
          </test-suite>
        </results>
      </test-suite>
    </results>
  </test-suite>
</test-results>